#
# There is insufficient memory for the Java Runtime Environment to continue.
# Native memory allocation (mmap) failed to map 264241152 bytes. Error detail: G1 virtual space
# Possible reasons:
#   The system is out of physical RAM or swap space
#   This process is running with CompressedOops enabled, and the Java Heap may be blocking the growth of the native heap
# Possible solutions:
#   Reduce memory load on the system
#   Increase physical memory or swap space
#   Check if swap backing store is full
#   Decrease Java heap size (-Xmx/-Xms)
#   Decrease number of Java threads
#   Decrease Java thread stack sizes (-Xss)
#   Set larger code cache with -XX:ReservedCodeCacheSize=
#   JVM is running with Unscaled Compressed Oops mode in which the Java heap is
#     placed in the first 4GB address space. The Java Heap base address is the
#     maximum limit for the native heap growth. Please use -XX:HeapBaseMinAddress
#     to set the Java Heap base and to place the Java Heap above 4GB virtual address.
# This output file may be truncated or incomplete.
#
#  Out of Memory Error (os_windows.cpp:3714), pid=24036, tid=16932
#
# JRE version:  (21.0.10+7) (build )
# Java VM: OpenJDK 64-Bit Server VM (21.0.10+7-LTS, mixed mode, sharing, tiered, compressed oops, compressed class ptrs, g1 gc, windows-amd64)
# No core dump will be written. Minidumps are not enabled by default on client versions of Windows
#

---------------  S U M M A R Y ------------

Command Line: -Dorg.gradle.internal.worker.tmpdir=C:\Users\kangdow\dev\project\ai-project\second-project\apps\account-service\build\tmp\test\work -XX:+EnableDynamicAgentLoading -Xmx512m -Dfile.encoding=UTF-8 -Duser.country=KR -Duser.language=ko -Duser.variant -ea worker.org.gradle.process.internal.worker.GradleWorkerMain 'Gradle Test Executor 36'

Host: 13th Gen Intel(R) Core(TM) i5-1335U, 12 cores, 15G,  Windows 11 , 64 bit Build 26100 (10.0.26100.7920)
Time: Mon Apr 13 06:10:57 2026 elapsed time: 2.031813 seconds (0d 0h 0m 2s)

---------------  T H R E A D  ---------------

Current thread (0x000001bc8f50cbb0):  JavaThread "Unknown thread" [_thread_in_vm, id=16932, stack(0x0000007d7be00000,0x0000007d7bf00000) (1024K)]

Stack: [0x0000007d7be00000,0x0000007d7bf00000]
Native frames: (J=compiled Java code, j=interpreted, Vv=VM code, C=native code)
V  [jvm.dll+0x6d7a39]
V  [jvm.dll+0x8b4b26]
V  [jvm.dll+0x8b70de]
V  [jvm.dll+0x8b77c3]
V  [jvm.dll+0x284346]
V  [jvm.dll+0x6d4355]
V  [jvm.dll+0x6c808a]
V  [jvm.dll+0x35edb8]
V  [jvm.dll+0x3669f6]
V  [jvm.dll+0x3b7afe]
V  [jvm.dll+0x3b7da8]
V  [jvm.dll+0x332fbc]
V  [jvm.dll+0x333b0b]
V  [jvm.dll+0x87eadb]
V  [jvm.dll+0x3c4a81]
V  [jvm.dll+0x867d25]
V  [jvm.dll+0x457b31]
V  [jvm.dll+0x459721]
C  [jli.dll+0x52d0]
C  [ucrtbase.dll+0x37b0]
C  [KERNEL32.DLL+0x2e8d7]
C  [ntdll.dll+0x8c48c]


---------------  P R O C E S S  ---------------

Threads class SMR info:
_java_thread_list=0x00007ffa2092a1c8, length=0, elements={
}

Java Threads: ( => current thread )
Total: 0

Other Threads:
  0x000001bc8f5387f0 WorkerThread "GC Thread#0"                     [id=22368, stack(0x0000007d7bf00000,0x0000007d7c000000) (1024K)]
  0x000001bc8f53ebf0 ConcurrentGCThread "G1 Main Marker"            [id=29592, stack(0x0000007d7c000000,0x0000007d7c100000) (1024K)]
  0x000001bc8f541590 WorkerThread "G1 Conc#0"                       [id=17180, stack(0x0000007d7c100000,0x0000007d7c200000) (1024K)]

[error occurred during error reporting (printing all threads), id 0xc0000005, EXCEPTION_ACCESS_VIOLATION (0xc0000005) at pc=0x00007ffa200256a7]
VM state: not at safepoint (not fully initialized)

VM Mutex/Monitor currently owned by a thread:  ([mutex/lock_event])
[0x00007ffa2099e660] Heap_lock - owner thread: 0x000001bc8f50cbb0

Heap address: 0x00000000e0000000, size: 512 MB, Compressed Oops mode: 32-bit

CDS archive(s) mapped at: [0x0000000000000000-0x0000000000000000-0x0000000000000000), size 0, SharedBaseAddress: 0x0000000800000000, ArchiveRelocationMode: 1.
Narrow klass base: 0x0000000000000000, Narrow klass shift: 0, Narrow klass range: 0x0

GC Precious Log:
 CardTable entry size: 512
 Card Set container configuration: InlinePtr #cards 5 size 8 Array Of Cards #cards 12 size 40 Howl #buckets 4 coarsen threshold 1843 Howl Bitmap #cards 512 size 80 coarsen threshold 460 Card regions per heap region 1 cards per card region 2048

Heap:
 garbage-first heap   total 0K, used 0K [0x00000000e0000000, 0x0000000100000000)
  region size 1024K, 0 young (0K), 0 survivors (0K)

[error occurred during error reporting (printing heap information), id 0xc0000005, EXCEPTION_ACCESS_VIOLATION (0xc0000005) at pc=0x00007ffa204113b9]
GC Heap History (0 events):
No events

Dll operation events (1 events):
Event: 0.010 Loaded shared library C:\Program Files\Eclipse Adoptium\jdk-21.0.10.7-hotspot\bin\java.dll

Deoptimization events (0 events):
No events

Classes loaded (0 events):
No events

Classes unloaded (0 events):
No events

Classes redefined (0 events):
No events

Internal exceptions (0 events):
No events

ZGC Phase Switch (0 events):
No events

VM Operations (0 events):
No events

Memory protections (0 events):
No events

Nmethod flushes (0 events):
No events

Events (0 events):
No events


Dynamic libraries:
0x00007ff7d5080000 - 0x00007ff7d508e000 	C:\Program Files\Eclipse Adoptium\jdk-21.0.10.7-hotspot\bin\java.exe
0x00007ffab76c0000 - 0x00007ffab7927000 	C:\WINDOWS\SYSTEM32\ntdll.dll
0x00007ffab60f0000 - 0x00007ffab61b9000 	C:\WINDOWS\System32\KERNEL32.DLL
0x00007ffab4da0000 - 0x00007ffab5191000 	C:\WINDOWS\System32\KERNELBASE.dll
0x00007ffab4bc0000 - 0x00007ffab4d0b000 	C:\WINDOWS\System32\ucrtbase.dll
0x00007ffa9fe70000 - 0x00007ffa9fe88000 	C:\Program Files\Eclipse Adoptium\jdk-21.0.10.7-hotspot\bin\jli.dll
0x00007ffaa0000000 - 0x00007ffaa001e000 	C:\Program Files\Eclipse Adoptium\jdk-21.0.10.7-hotspot\bin\VCRUNTIME140.dll
0x00007ffab63f0000 - 0x00007ffab65b5000 	C:\WINDOWS\System32\USER32.dll
0x00007ffab5430000 - 0x00007ffab5457000 	C:\WINDOWS\System32\win32u.dll
0x00007ffa9b7f0000 - 0x00007ffa9ba83000 	C:\WINDOWS\WinSxS\amd64_microsoft.windows.common-controls_6595b64144ccf1df_6.0.26100.8037_none_3e092faae333b53b\COMCTL32.dll
0x00007ffab5460000 - 0x00007ffab548b000 	C:\WINDOWS\System32\GDI32.dll
0x00007ffab6340000 - 0x00007ffab63e9000 	C:\WINDOWS\System32\msvcrt.dll
0x00007ffab51a0000 - 0x00007ffab52cb000 	C:\WINDOWS\System32\gdi32full.dll
0x00007ffab5380000 - 0x00007ffab5423000 	C:\WINDOWS\System32\msvcp_win.dll
0x00007ffab5f90000 - 0x00007ffab5fc1000 	C:\WINDOWS\System32\IMM32.DLL
0x00007ffa9fcb0000 - 0x00007ffa9fcbc000 	C:\Program Files\Eclipse Adoptium\jdk-21.0.10.7-hotspot\bin\vcruntime140_1.dll
0x00007ffa91790000 - 0x00007ffa9181d000 	C:\Program Files\Eclipse Adoptium\jdk-21.0.10.7-hotspot\bin\msvcp140.dll
0x00007ffa1fce0000 - 0x00007ffa20a81000 	C:\Program Files\Eclipse Adoptium\jdk-21.0.10.7-hotspot\bin\server\jvm.dll
0x00007ffab5490000 - 0x00007ffab554b000 	C:\WINDOWS\System32\ADVAPI32.dll
0x00007ffab6040000 - 0x00007ffab60e7000 	C:\WINDOWS\System32\sechost.dll
0x00007ffab6680000 - 0x00007ffab6798000 	C:\WINDOWS\System32\RPCRT4.dll
0x00007ffab7600000 - 0x00007ffab7674000 	C:\WINDOWS\System32\WS2_32.dll
0x00007ffab3e00000 - 0x00007ffab3e5e000 	C:\WINDOWS\SYSTEM32\POWRPROF.dll
0x00007ffaa5460000 - 0x00007ffaa546b000 	C:\WINDOWS\SYSTEM32\VERSION.dll
0x00007ffaab550000 - 0x00007ffaab585000 	C:\WINDOWS\SYSTEM32\WINMM.dll
0x00007ffab3de0000 - 0x00007ffab3df4000 	C:\WINDOWS\SYSTEM32\UMPDC.dll
0x00007ffab2cf0000 - 0x00007ffab2d0b000 	C:\WINDOWS\SYSTEM32\kernel.appcore.dll
0x00007ffa9e2f0000 - 0x00007ffa9e2fa000 	C:\Program Files\Eclipse Adoptium\jdk-21.0.10.7-hotspot\bin\jimage.dll
0x00007ffab1da0000 - 0x00007ffab1fe2000 	C:\WINDOWS\SYSTEM32\DBGHELP.DLL
0x00007ffab7110000 - 0x00007ffab7492000 	C:\WINDOWS\System32\combase.dll
0x00007ffab5e50000 - 0x00007ffab5f27000 	C:\WINDOWS\System32\OLEAUT32.dll
0x00007ffa9e490000 - 0x00007ffa9e4cb000 	C:\WINDOWS\SYSTEM32\dbgcore.DLL
0x00007ffab52d0000 - 0x00007ffab5375000 	C:\WINDOWS\System32\bcryptPrimitives.dll
0x00007ffa9c660000 - 0x00007ffa9c680000 	C:\Program Files\Eclipse Adoptium\jdk-21.0.10.7-hotspot\bin\java.dll

JVMTI agents: none

dbghelp: loaded successfully - version: 4.0.5 - missing functions: none
symbol engine: initialized successfully - sym options: 0x614 - pdb path: .;C:\Program Files\Eclipse Adoptium\jdk-21.0.10.7-hotspot\bin;C:\WINDOWS\SYSTEM32;C:\WINDOWS\WinSxS\amd64_microsoft.windows.common-controls_6595b64144ccf1df_6.0.26100.8037_none_3e092faae333b53b;C:\Program Files\Eclipse Adoptium\jdk-21.0.10.7-hotspot\bin\server

VM Arguments:
jvm_args: -Dorg.gradle.internal.worker.tmpdir=C:\Users\kangdow\dev\project\ai-project\second-project\apps\account-service\build\tmp\test\work -XX:+EnableDynamicAgentLoading -Xmx512m -Dfile.encoding=UTF-8 -Duser.country=KR -Duser.language=ko -Duser.variant -ea 
java_command: worker.org.gradle.process.internal.worker.GradleWorkerMain 'Gradle Test Executor 36'
java_class_path (initial): C:\\Users\\kangdow\\.gradle\\caches\\8.14.3\\workerMain\\gradle-worker.jar;C:\\Users\\kangdow\\dev\\project\\ai-project\\second-project\\apps\\account-service\\build\\classes\\java\\test;C:\\Users\\kangdow\\dev\\project\\ai-project\\second-project\\apps\\account-service\\build\\classes\\java\\main;C:\\Users\\kangdow\\dev\\project\\ai-project\\second-project\\apps\\account-service\\build\\resources\\main;C:\\Users\\kangdow\\dev\\project\\ai-project\\second-project\\libs\\java-common\\build\\libs\\java-common.jar;C:\\Users\\kangdow\\dev\\project\\ai-project\\second-project\\libs\\java-web\\build\\libs\\java-web.jar;C:\\Users\\kangdow\\dev\\project\\ai-project\\second-project\\libs\\java-messaging\\build\\libs\\java-messaging.jar;C:\\Users\\kangdow\\dev\\project\\ai-project\\second-project\\libs\\java-observability\\build\\libs\\java-observability.jar;C:\\Users\\kangdow\\.gradle\\caches\\modules-2\\files-2.1\\org.springframework.boot\\spring-boot-starter-web\\3.4.1\\ff7227fc62338e0f6eba3f9f94c12eb952d4da95\\spring-boot-starter-web-3.4.1.jar;C:\\Users\\kangdow\\.gradle\\caches\\modules-2\\files-2.1\\org.springframework.boot\\spring-boot-starter-data-jpa\\3.4.1\\f06be4354c339f3f880a5c66a6913cd2366eb225\\spring-boot-starter-data-jpa-3.4.1.jar;C:\\Users\\kangdow\\.gradle\\caches\\modules-2\\files-2.1\\org.springframework.boot\\spring-boot-starter-validation\\3.4.1\\7b9baa79c886e362dc14764fc3b0983b607be1f5\\spring-boot-starter-validation-3.4.1.jar;C:\\Users\\kangdow\\.gradle\\caches\\modules-2\\files-2.1\\org.springframework.boot\\spring-boot-starter-actuator\\3.4.1\\bd347cc46f34c8b9a6f33b4d103bcfb3b11fc6f8\\spring-boot-starter-actuator-3.4.1.jar;C:\\Users\\kangdow\\.gradle\\caches\\modules-2\\files-2.1\\org.springframework.boot\\spring-boot-starter-security\\3.4.1\\6a82a9f484d265c73a203d551b614cd8bdde5825\\spring-boot-starter-security-3.4.1.jar;C:\\Users\\kangdow\\.gradle\\caches\\modules-2\\files-2.1\\org.flywaydb\\flyway-mysql\\10.20.1\\9db1410ab7d3b97b5e6f4e363945e12478cbcd39\\flyway-mysql-10.20.1.jar;C:\\Users\\kangdow\\.gradle\\caches\\modules-2\\files-2.1\\org.flywaydb\\flyway-core\\10.20.1\\27c35cad285433947ef986c615ce2742f69145de\\flyway-core-10.20.1.jar;C:\\Users\\kangdow\\.gradle\\caches\\modules-2\\files-2.1\\org.springframework.boot\\spring-boot-starter-json\\3.4.1\\c1d084f65d8d9f2de9daccab47c4f452fb0464de\\spring-boot-starter-json-3.4.1.jar;C:\\Users\\kangdow\\.gradle\\caches\\modules-2\\files-2.1\\org.springframework.boot\\spring-boot-actuator-autoconfigure\\3.4.1\\75ab4d3c257fc5b00fbfa8099ec35b6c9702b629\\spring-boot-actuator-autoconfigure-3.4.1.jar;C:\\Users\\kangdow\\.gradle\\caches\\modules-2\\files-2.1\\com.fasterxml.jackson.dataformat\\jackson-dataformat-toml\\2.18.2\\7c31abc580fe46907b78dbd79406b1e40fbb781d\\jackson-dataformat-toml-2.18.2.jar;C:\\Users\\kangdow\\.gradle\\caches\\modules-2\\files-2.1\\org.testcontainers\\junit-jupiter\\1.20.4\\977e62d63e294828bfed88d1e99c2220ece8498a\\junit-jupiter-1.20.4.jar;C:\\Users\\kangdow\\.gradle\\caches\\modules-2\\files-2.1\\org.testcontainers\\mysql\\1.20.4\\dceb05d856af048ad003a2ce564a365dfa796178\\mysql-1.20.4.jar;C:\\Users\\kangdow\\.gradle\\caches\\modules-2\\files-2.1\\org.testcontainers\\jdbc\\1.20.4\\a02c0d9c5bf18fac3a3e27f2daec1c0137b30b3d\\jdbc-1.20.4.jar;C:\\Users\\kangdow\\.gradle\\caches\\modules-2\\files-2.1\\org.testcontainers\\database-commons\\1.20.4\\75b6aae47412a70fc8fc7154144cbb57852b2665\\database-commons-1.20.4.jar;C:\\Users\\kangdow\\.gradle\\caches\\modules-2\\files-2.1\\org.testcontainers\\testcontainers\\1.20.4\\ee2fe3afc9fa6cb2e6a43233998f3633f761692f\\testcontainers-1.20.4.jar;C:\\Users\\kangdow\\.gradle\\caches\\modules-2\\files-2.1\\com.github.docker-java\\docker-java-api\\3.4.0\\9ef23dcc93693f15e69b64632be096c38e31bc44\\docker-java-api-3.4.0.jar;C:\\Users\\kangdow\\.gradle\\caches\\modules-2\\files-2.1\\com.fasterxml.jackson.core\\jackson-annotations\\2.18.2\\985d77751ebc7fce5db115a986bc9aa82f973f4a\\jackson-annotations-2.18.2.jar;C:\\Users\\kangdow\\.gradle\\caches\\modules-2\\files-2.1\\com.fasterxml.jackson.datatype\\jackson-datatype-jdk8\\2.18.2\\9ed6d538ebcc66864e114a7040953dce6ab6ea53\\jackson-datatype-jdk8-2.18.2.jar;C:\\Users\\kangdow\\.gradle\\caches\\modules-2\\files-2.1\\com.fasterxml.jackson.module\\jackson-module-parameter-names\\2.18.2\\72960cb3277347a748911d100c3302d60e8a616a\\jackson-module-parameter-names-2.18.2.jar;C:\\Users\\kangdow\\.gradle\\caches\\modules-2\\files-2.1\\com.fasterxml.jackson.core\\jackson-core\\2.18.2\\fb64ccac5c27dca8819418eb4e443a9f496d9ee7\\jackson-core-2.18.2.jar;C:\\Users\\kangdow\\.gradle\\caches\\modules-2\\files-2.1\\com.fasterxml.jackson.datatype\\jackson-datatype-jsr310\\2.18.2\\7b6ff96adf421f4c6edbd694e797dd8fe434510a\\jackson-datatype-jsr310-2.18.2.jar;C:\\Users\\kangdow\\.gradle\\caches\\modules-2\\files-2.1\\net.logstash.logback\\logstash-logback-encoder\\8.0\\73a2ae828d20f710be8439af3c1a53d21a62dc0f\\logstash-logback-encoder-8.0.jar;C:\\Users\\kangdow\\.gradle\\caches\\modules-2\\files-2.1\\com.fasterxml.jackson.core\\jackson-databind\\2.18.2\\deef8697b92141fb6caf7aa86966cff4eec9b04f\\jackson-databind-2.18.2.jar;C:\\Users\\kangdow\\.gradle\\caches\\modules-2\\files-2.1\\com.mysql\\mysql-connector-j\\9.1.0\\5fb1d513278e1a9767dfa80ea9d8d7ee909f1a\\mysql-connector-j-9.1.0.jar;C:\\Users\\kangdow\\.gradle\\caches\\modules-2\\files-2.1\\org.springframework.boot\\spring-boot-starter-test\\3.4.1\\ac1caa2ab4c8eaedd82abab3ed8d27a1b4ee2da8\\spring-boot-starter-test-3.4.1.jar;C:\\Users\\kangdow\\.gradle\\caches\\modules-2\\files-2.1\\org.springframework.security\\spring-security-test\\6.4.2\\2ed4270718d0b3c204ae6be98ed800bc111a014a\\spring-security-test-6.4.2.jar;C:\\Users\\kangdow\\.gradle\\caches\\modules-2\\files-2.1\\com.jayway.jsonpath\\json-path\\2.9.0\\37fe2217f577b0b68b18e62c4d17a8858ecf9b69\\json-path-2.9.0.jar;C:\\Users\\kangdow\\.gradle\\caches\\modules-2\\files-2.1\\org.springframework.kafka\\spring-kafka\\3.3.1\\e389d3f28fa4f08b2ac714dfeaa91724fa4d7c9f\\spring-kafka-3.3.1.jar;C:\\Users\\kangdow\\.gradle\\caches\\modules-2\\files-2.1\\org.springframework.boot\\spring-boot-starter-jdbc\\3.4.1\\307db83ee5f33fe810565cf980f73747b8f8f43b\\spring-boot-starter-jdbc-3.4.1.jar;C:\\Users\\kangdow\\.gradle\\caches\\modules-2\\files-2.1\\org.springframework.boot\\spring-boot-starter\\3.4.1\\2c97b6fdc451ea69cd04dcfa54980439b7c7cb34\\spring-boot-starter-3.4.1.jar;C:\\Users\\kangdow\\.gradle\\caches\\modules-2\\files-2.1\\org.springframework.boot\\spring-boot-test-autoconfigure\\3.4.1\\87ac4bbb73af12298ddf1cd6830121527e6de7c7\\spring-boot-test-autoconfigure-3.4.1.jar;C:\\Users\\kangdow\\.gradle\\caches\\modules-2\\files-2.1\\org.springframework.boot\\spring-boot-autoconfigure\\3.4.1\\f17b54cc5816ec8f06d0aca9df11c330ead97f2a\\spring-boot-autoconfigure-3.4.1.jar;C:\\Users\\kangdow\\.gradle\\caches\\modules-2\\files-2.1\\io.micrometer\\micrometer-registry-prometheus\\1.14.2\\724ef1b2a41e78fbff35dd6827bb59661cadad0a\\micrometer-registry-prometheus-1.14.2.jar;C:\\Users\\kangdow\\.gradle\\caches\\modules-2\\files-2.1\\io.opentelemetry\\opentelemetry-api\\1.43.0\\ce6889e709baac891833dc1c718702661650b3b3\\opentelemetry-api-1.43.0.jar;C:\\Users\\kangdow\\.gradle\\caches\\modules-2\\files-2.1\\org.springframework.boot\\spring-boot-starter-tomcat\\3.4.1\\ac4bb51582c57cfb0d2beb102a76fe1a4d8b8b21\\spring-boot-starter-tomcat-3.4.1.jar;C:\\Users\\kangdow\\.gradle\\caches\\modules-2\\files-2.1\\org.springframework\\spring-webmvc\\6.2.1\\44bdf7e5641d44044ac52d7bb5c1fc46004e7754\\spring-webmvc-6.2.1.jar;C:\\Users\\kangdow\\.gradle\\caches\\modules-2\\files-2.1\\org.springframework.security\\spring-security-web\\6.4.2\\733a3bbbdca56225676fb7f4e3f317c2075fc383\\spring-security-web-6.4.2.jar;C:\\Users\\kangdow\\.gradle\\caches\\modules-2\\files-2.1\\org.springframework\\spring-web\\6.2.1\\877acb94c5b3a0c92e652b6bebdfdc7c60922ac8\\spring-web-6.2.1.jar;C:\\Users\\kangdow\\.gradle\\caches\\modules-2\\files-2.1\\org.hibernate.orm\\hibernate-core\\6.6.4.Final\\95c6d2d58c40dbbfbbd58084941e5cbca4ddef2f\\hibernate-core-6.6.4.Final.jar;C:\\Users\\kangdow\\.gradle\\caches\\modules-2\\files-2.1\\org.springframework.data\\spring-data-jpa\\3.4.1\\1c704fa9169ea3745775568e733fddd0132070b2\\spring-data-jpa-3.4.1.jar;C:\\Users\\kangdow\\.gradle\\caches\\modules-2\\files-2.1\\org.springframework\\spring-aspects\\6.2.1\\50350218608abf215ae40ef00c87cc666737e199\\spring-aspects-6.2.1.jar;C:\\Users\\kangdow\\.gradle\\caches\\modules-2\\files-2.1\\org.apache.tomcat.embed\\tomcat-embed-el\\10.1.34\\d2b2daca3bc999c62e58ae36b45ba0582530fb25\\tomcat-embed-el-10.1.34.jar;C:\\Users\\kangdow\\.gradle\\caches\\modules-2\\files-2.1\\org.hibernate.validator\\hibernate-validator\\8.0.2.Final\\220e64815dd87535525331de20570017f899eb13\\hibernate-validator-8.0.2.Final.jar;C:\\Users\\kangdow\\.gradle\\caches\\modules-2\\files-2.1\\io.micrometer\\micrometer-jakarta9\\1.14.2\\50950404a99cde864c0e4ff3b1647e5be75d7570\\micrometer-jakarta9-1.14.2.jar;C:\\Users\\kangdow\\.gradle\\caches\\modules-2\\files-2.1\\org.springframework.security\\spring-security-config\\6.4.2\\5ed985329eb14b1c61045160c8dcbbcab179ddd3\\spring-security-config-6.4.2.jar;C:\\Users\\kangdow\\.gradle\\caches\\modules-2\\files-2.1\\org.springframework.security\\spring-security-core\\6.4.2\\51302b2af3f01eb79fdc7164a4cc3a3aa7e3b541\\spring-security-core-6.4.2.jar;C:\\Users\\kangdow\\.gradle\\caches\\modules-2\\files-2.1\\org.springframework.boot\\spring-boot-test\\3.4.1\\56fb2970279daa00359e37fabdc3bf46a1ab1a8b\\spring-boot-test-3.4.1.jar;C:\\Users\\kangdow\\.gradle\\caches\\modules-2\\files-2.1\\org.springframework.boot\\spring-boot-actuator\\3.4.1\\77873fd387c46b7bb350cc6127a3b0162c41f9bf\\spring-boot-actuator-3.4.1.jar;C:\\Users\\kangdow\\.gradle\\caches\\modules-2\\files-2.1\\org.springframework.boot\\spring-boot\\3.4.1\\5fb9890a5eb7c4e86c8f5c0f6960b79240daf3d5\\spring-boot-3.4.1.jar;C:\\Users\\kangdow\\.gradle\\caches\\modules-2\\files-2.1\\org.springframework\\spring-context\\6.2.1\\f56c7431b03860bfdb016e68f484c5c35531ef2e\\spring-context-6.2.1.jar;C:\\Users\\kangdow\\.gradle\\caches\\modules-2\\files-2.1\\io.micrometer\\micrometer-core\\1.14.2\\7ec567b052bc560ba76a95eff222fb7999b79817\\micrometer-core-1.14.2.jar;C:\\Users\\kangdow\\.gradle\\caches\\modules-2\\files-2.1\\io.micrometer\\micrometer-observation\\1.14.2\\a9cad29cc04c0f7e30e3e58b454d4cd47ccc54bd\\micrometer-observation-1.14.2.jar;C:\\Users\\kangdow\\.gradle\\caches\\modules-2\\files-2.1\\org.springframework\\spring-aop\\6.2.1\\a9384de38fc00751084446ba014a0c4962240244\\spring-aop-6.2.1.jar;C:\\Users\\kangdow\\.gradle\\caches\\modules-2\\files-2.1\\org.glassfish.jaxb\\jaxb-runtime\\4.0.5\\ca84c2a7169b5293e232b9d00d1e4e36d4c3914a\\jaxb-runtime-4.0.5.jar;C:\\Users\\kangdow\\.gradle\\caches\\modules-2\\files-2.1\\org.glassfish.jaxb\\jaxb-core\\4.0.5\\7b4b11ea5542eea4ad55e1080b23be436795b3\\jaxb-core-4.0.5.jar;C:\\Users\\kangdow\\.gradle\\caches\\modules-2\\files-2.1\\jakarta.xml.bind\\jakarta.xml.bind-api\\4.0.2\\6cd5a999b834b63238005b7144136379dc36cad2\\jakarta.xml.bind-api-4.0.2.jar;C:\\Users\\kangdow\\.gradle\\caches\\modules-2\\files-2.1\\net.minidev\\json-smart\\2.5.1\\4c11d2808d009132dfbbf947ebf37de6bf266c8e\\json-smart-2.5.1.jar;C:\\Users\\kangdow\\.gradle\\caches\\modules-2\\files-2.1\\org.assertj\\assertj-core\\3.26.3\\d26263eb7524252d98e602fc6942996a3195e29\\assertj-core-3.26.3.jar;C:\\Users\\kangdow\\.gradle\\caches\\modules-2\\files-2.1\\org.awaitility\\awaitility\\4.2.2\\7336242073ebf83fe034e42b46a403c5501b63c9\\awaitility-4.2.2.jar;C:\\Users\\kangdow\\.gradle\\caches\\modules-2\\files-2.1\\junit\\junit\\4.13.2\\8ac9e16d933b6fb43bc7f576336b8f4d7eb5ba12\\junit-4.13.2.jar;C:\\Users\\kangdow\\.gradle\\caches\\modules-2\\files-2.1\\org.hamcrest\\hamcrest-core\\2.2\\3f2bd07716a31c395e2837254f37f21f0f0ab24b\\hamcrest-core-2.2.jar;C:\\Users\\kangdow\\.gradle\\caches\\modules-2\\files-2.1\\org.hamcrest\\hamcrest\\2.2\\1820c0968dba3a11a1b30669bb1f01978a91dedc\\hamcrest-2.2.jar;C:\\Users\\kangdow\\.gradle\\caches\\modules-2\\files-2.1\\org.mockito\\mockito-junit-jupiter\\5.14.2\\3cfc377d4bb9fe729f3dd9098d9a9b27da58324a\\mockito-junit-jupiter-5.14.2.jar;C:\\Users\\kangdow\\.gradle\\caches\\modules-2\\files-2.1\\org.junit.jupiter\\junit-jupiter-params\\5.11.4\\e4c86fbe2a39c60c6b87260ef7f7e7c1a1906481\\junit-jupiter-params-5.11.4.jar;C:\\Users\\kangdow\\.gradle\\caches\\modules-2\\files-2.1\\org.junit.jupiter\\junit-jupiter-engine\\5.11.4\\dc10ec209623986a68ea07f67cdc7d2a65a60355\\junit-jupiter-engine-5.11.4.jar;C:\\Users\\kangdow\\.gradle\\caches\\modules-2\\files-2.1\\org.junit.jupiter\\junit-jupiter-api\\5.11.4\\308315b28e667db4091b2ba1f7aa220d1ddadb97\\junit-jupiter-api-5.11.4.jar;C:\\Users\\kangdow\\.gradle\\caches\\modules-2\\files-2.1\\org.junit.platform\\junit-platform-engine\\1.11.4\\21f61b123ad6ac8f7e73971bff3a096c8d8e1cd0\\junit-platform-engine-1.11.4.jar;C:\\Users\\kangdow\\.gradle\\caches\\modules-2\\files-2.1\\org.junit.platform\\junit-platform-commons\\1.11.4\\8898eea3ed0da2641548d602c3e308804f166303\\junit-platform-commons-1.11.4.jar;C:\\Users\\kangdow\\.gradle\\caches\\modules-2\\files-2.1\\org.junit.jupiter\\junit-jupiter\\5.11.4\\a699f024a4a4706b36bddbeb42d499aff9e09379\\junit-jupiter-5.11.4.jar;C:\\Users\\kangdow\\.gradle\\caches\\modules-2\\files-2.1\\org.mockito\\mockito-core\\5.14.2\\f7bf936008d7664e2002c3faf0c02071c8d10e7c\\mockito-core-5.14.2.jar;C:\\Users\\kangdow\\.gradle\\caches\\modules-2\\files-2.1\\org.skyscreamer\\jsonassert\\1.5.3\\aaa43e0823d2a0e106e8754d6a9c4ab24e05e9bc\\jsonassert-1.5.3.jar;C:\\Users\\kangdow\\.gradle\\caches\\modules-2\\files-2.1\\org.springframework\\spring-test\\6.2.1\\60b7fe91a4ecb88b9ee0d6f228ad0b6a8ac78cb2\\spring-test-6.2.1.jar;C:\\Users\\kangdow\\.gradle\\caches\\modules-2\\files-2.1\\org.springframework\\spring-messaging\\6.2.1\\35335abbdd4b1a781e6ad47d6aaa2c294d62809f\\spring-messaging-6.2.1.jar;C:\\Users\\kangdow\\.gradle\\caches\\modules-2\\files-2.1\\org.springframework\\spring-orm\\6.2.1\\7fd75b4984d92c3c5e46ee94365cfc79d2daa821\\spring-orm-6.2.1.jar;C:\\Users\\kangdow\\.gradle\\caches\\modules-2\\files-2.1\\org.springframework\\spring-jdbc\\6.2.1\\def8d3d9bebafc36c19f8407645eddde32454c8a\\spring-jdbc-6.2.1.jar;C:\\Users\\kangdow\\.gradle\\caches\\modules-2\\files-2.1\\org.springframework\\spring-tx\\6.2.1\\5ffde4fee85ff021ad613b9e86a9be893fb52572\\spring-tx-6.2.1.jar;C:\\Users\\kangdow\\.gradle\\caches\\modules-2\\files-2.1\\org.springframework.data\\spring-data-commons\\3.4.1\\3ae5f19bc2b1b30de85b0610ae25818c2e7c295a\\spring-data-commons-3.4.1.jar;C:\\Users\\kangdow\\.gradle\\caches\\modules-2\\files-2.1\\org.springframework\\spring-beans\\6.2.1\\ab57ec03ba6900075bf28e3cd70ccce173205b8d\\spring-beans-6.2.1.jar;C:\\Users\\kangdow\\.gradle\\caches\\modules-2\\files-2.1\\org.springframework\\spring-expression\\6.2.1\\91fcf6b9501705c31c8337e2713fe823bb512b24\\spring-expression-6.2.1.jar;C:\\Users\\kangdow\\.gradle\\caches\\modules-2\\files-2.1\\org.springframework\\spring-core\\6.2.1\\f42e6b51d9c0c2fcf95df9e5848470d173adc9af\\spring-core-6.2.1.jar;C:\\Users\\kangdow\\.gradle\\caches\\modules-2\\files-2.1\\org.xmlunit\\xmlunit-core\\2.10.0\\1355088731b4ec2107ff7f319f0d7445d916bab\\xmlunit-core-2.10.0.jar;C:\\Users\\kangdow\\.gradle\\caches\\modules-2\\files-2.1\\org.apache.kafka\\kafka-clients\\3.8.1\\fd79e3aa252c6d818334e9c0bac8166b426e498c\\kafka-clients-3.8.1.jar;C:\\Users\\kangdow\\.gradle\\caches\\modules-2\\files-2.1\\com.zaxxer\\HikariCP\\5.1.0\\8c96e36c14461fc436bb02b264b96ef3ca5dca8c\\HikariCP-5.1.0.jar;C:\\Users\\kangdow\\.gradle\\caches\\modules-2\\files-2.1\\com.github.docker-java\\docker-java-transport-zerodep\\3.4.0\\c4ce6d8695cfdb0027872f99cc20f8f679f8a969\\docker-java-transport-zerodep-3.4.0.jar;C:\\Users\\kangdow\\.gradle\\caches\\modules-2\\files-2.1\\org.springframework.boot\\spring-boot-starter-logging\\3.4.1\\5cd01e208b15113c7f88b3ea40e843ea9989f38a\\spring-boot-starter-logging-3.4.1.jar;C:\\Users\\kangdow\\.gradle\\caches\\modules-2\\files-2.1\\ch.qos.logback\\logback-classic\\1.5.12\\3790d1a62e868f7915776dfb392bd9a29ce8d954\\logback-classic-1.5.12.jar;C:\\Users\\kangdow\\.gradle\\caches\\modules-2\\files-2.1\\org.apache.logging.log4j\\log4j-to-slf4j\\2.24.3\\da1143e2a2531ee1c2d90baa98eb50a28a39d5a7\\log4j-to-slf4j-2.24.3.jar;C:\\Users\\kangdow\\.gradle\\caches\\modules-2\\files-2.1\\org.slf4j\\jul-to-slf4j\\2.0.16\\6d57da3e961daac65bcca0dd3def6cd11e48a24a\\jul-to-slf4j-2.0.16.jar;C:\\Users\\kangdow\\.gradle\\caches\\modules-2\\files-2.1\\org.slf4j\\slf4j-api\\2.0.16\\172931663a09a1fa515567af5fbef00897d3c04\\slf4j-api-2.0.16.jar;C:\\Users\\kangdow\\.gradle\\caches\\modules-2\\files-2.1\\org.springframework.retry\\spring-retry\\2.0.11\\bd4fae67445baf330b69b6b786748a308ab31f6\\spring-retry-2.0.11.jar;C:\\Users\\kangdow\\.gradle\\caches\\modules-2\\files-2.1\\io.prometheus\\prometheus-metrics-core\\1.3.5\\2169cfe39084609c72a1fcd1a5775f74a4531919\\prometheus-metrics-core-1.3.5.jar;C:\\Users\\kangdow\\.gradle\\caches\\modules-2\\files-2.1\\io.prometheus\\prometheus-metrics-tracer-common\\1.3.5\\adf529b691eb4514124662ad47e67676be52c3d8\\prometheus-metrics-tracer-common-1.3.5.jar;C:\\Users\\kangdow\\.gradle\\caches\\modules-2\\files-2.1\\io.prometheus\\prometheus-metrics-exposition-formats\\1.3.5\\3a5d2539dad545b15a60f7113a01734779906d97\\prometheus-metrics-exposition-formats-1.3.5.jar;C:\\Users\\kangdow\\.gradle\\caches\\modules-2\\files-2.1\\io.opentelemetry\\opentelemetry-context\\1.43.0\\473c7a67d2d587f7faefe7b6d9c00743e82819ee\\opentelemetry-context-1.43.0.jar;C:\\Users\\kangdow\\.gradle\\caches\\modules-2\\files-2.1\\jakarta.annotation\\jakarta.annotation-api\\2.1.1\\48b9bda22b091b1f48b13af03fe36db3be6e1ae3\\jakarta.annotation-api-2.1.1.jar;C:\\Users\\kangdow\\.gradle\\caches\\modules-2\\files-2.1\\org.yaml\\snakeyaml\\2.3\\936b36210e27320f920536f695cf1af210c44586\\snakeyaml-2.3.jar;C:\\Users\\kangdow\\.gradle\\caches\\modules-2\\files-2.1\\org.apache.tomcat.embed\\tomcat-embed-websocket\\10.1.34\\eef6d430f34b6e393b8d9e40f10db9043732b4e5\\tomcat-embed-websocket-10.1.34.jar;C:\\Users\\kangdow\\.gradle\\caches\\modules-2\\files-2.1\\org.apache.tomcat.embed\\tomcat-embed-core\\10.1.34\\f610f84be607fbc82e393cc220f0ad45f92afc91\\tomcat-embed-core-10.1.34.jar;C:\\Users\\kangdow\\.gradle\\caches\\modules-2\\files-2.1\\jakarta.persistence\\jakarta.persistence-api\\3.1.0\\66901fa1c373c6aff65c13791cc11da72060a8d6\\jakarta.persistence-api-3.1.0.jar;C:\\Users\\kangdow\\.gradle\\caches\\modules-2\\files-2.1\\jakarta.transaction\\jakarta.transaction-api\\2.0.1\\51a520e3fae406abb84e2e1148e6746ce3f80a1a\\jakarta.transaction-api-2.0.1.jar;C:\\Users\\kangdow\\.gradle\\caches\\modules-2\\files-2.1\\org.jboss.logging\\jboss-logging\\3.6.1.Final\\886afbb445b4016a37c8960a7aef6ebd769ce7e5\\jboss-logging-3.6.1.Final.jar;C:\\Users\\kangdow\\.gradle\\caches\\modules-2\\files-2.1\\org.hibernate.common\\hibernate-commons-annotations\\7.0.3.Final\\e183c4be8bb41d12e9f19b374e00c34a0a85f439\\hibernate-commons-annotations-7.0.3.Final.jar;C:\\Users\\kangdow\\.gradle\\caches\\modules-2\\files-2.1\\io.smallrye\\jandex\\3.2.0\\f17ad860f62a08487b9edabde608f8ac55c62fa7\\jandex-3.2.0.jar;C:\\Users\\kangdow\\.gradle\\caches\\modules-2\\files-2.1\\com.fasterxml\\classmate\\1.7.0\\e98374da1f2143ac8e6e0a95036994bb19137a3\\classmate-1.7.0.jar;C:\\Users\\kangdow\\.gradle\\caches\\modules-2\\files-2.1\\net.bytebuddy\\byte-buddy\\1.15.11\\f61886478e0f9ee4c21d09574736f0ff45e0a46c\\byte-buddy-1.15.11.jar;C:\\Users\\kangdow\\.gradle\\caches\\modules-2\\files-2.1\\jakarta.inject\\jakarta.inject-api\\2.0.1\\4c28afe1991a941d7702fe1362c365f0a8641d1e\\jakarta.inject-api-2.0.1.jar;C:\\Users\\kangdow\\.gradle\\caches\\modules-2\\files-2.1\\org.antlr\\antlr4-runtime\\4.13.0\\5a02e48521624faaf5ff4d99afc88b01686af655\\antlr4-runtime-4.13.0.jar;C:\\Users\\kangdow\\.gradle\\caches\\modules-2\\files-2.1\\org.aspectj\\aspectjweaver\\1.9.22.1\\bca243d0af0db4758fbae45c5f4995cb5dabb612\\aspectjweaver-1.9.22.1.jar;C:\\Users\\kangdow\\.gradle\\caches\\modules-2\\files-2.1\\jakarta.validation\\jakarta.validation-api\\3.0.2\\92b6631659ba35ca09e44874d3eb936edfeee532\\jakarta.validation-api-3.0.2.jar;C:\\Users\\kangdow\\.gradle\\caches\\modules-2\\files-2.1\\io.micrometer\\micrometer-commons\\1.14.2\\69c454dbec59c7842cf59a534b7ec03618d75b91\\micrometer-commons-1.14.2.jar;C:\\Users\\kangdow\\.gradle\\caches\\modules-2\\files-2.1\\org.eclipse.angus\\angus-activation\\2.0.2\\41f1e0ddd157c856926ed149ab837d110955a9fc\\angus-activation-2.0.2.jar;C:\\Users\\kangdow\\.gradle\\caches\\modules-2\\files-2.1\\jakarta.activation\\jakarta.activation-api\\2.1.3\\fa165bd70cda600368eee31555222776a46b881f\\jakarta.activation-api-2.1.3.jar;C:\\Users\\kangdow\\.gradle\\caches\\modules-2\\files-2.1\\net.minidev\\accessors-smart\\2.5.1\\19b820261eb2e7de7d5bde11d1c06e4501dd7e5f\\accessors-smart-2.5.1.jar;C:\\Users\\kangdow\\.gradle\\caches\\modules-2\\files-2.1\\net.bytebuddy\\byte-buddy-agent\\1.15.11\\a38b16385e867f59a641330f0362ebe742788ed8\\byte-buddy-agent-1.15.11.jar;C:\\Users\\kangdow\\.gradle\\caches\\modules-2\\files-2.1\\org.objenesis\\objenesis\\3.3\\1049c09f1de4331e8193e579448d0916d75b7631\\objenesis-3.3.jar;C:\\Users\\kangdow\\.gradle\\caches\\modules-2\\files-2.1\\com.vaadin.external.google\\android-json\\0.0.20131108.vaadin1\\fa26d351fe62a6a17f5cda1287c1c6110dec413f\\android-json-0.0.20131108.vaadin1.jar;C:\\Users\\kangdow\\.gradle\\caches\\modules-2\\files-2.1\\org.springframework\\spring-jcl\\6.2.1\\a5d662d64470aff0ae51d210147bb6ede31a8ea3\\spring-jcl-6.2.1.jar;C:\\Users\\kangdow\\.gradle\\caches\\modules-2\\files-2.1\\org.springframework.security\\spring-security-crypto\\6.4.2\\a4d5bf27ca449200fc39e07de6ae016eb1ad21da\\spring-security-crypto-6.4.2.jar;C:\\Users\\kangdow\\.gradle\\caches\\modules-2\\files-2.1\\org.apache.commons\\commons-compress\\1.24.0\\b4b1b5a3d9573b2970fddab236102c0a4d27d35e\\commons-compress-1.24.0.jar;C:\\Users\\kangdow\\.gradle\\caches\\modules-2\\files-2.1\\org.rnorth.duct-tape\\duct-tape\\1.0.8\\92edc22a9ab2f3e17c9bf700aaee377d50e8b530\\duct-tape-1.0.8.jar;C:\\Users\\kangdow\\.gradle\\caches\\modules-2\\files-2.1\\com.github.luben\\zstd-jni\\1.5.6-4\\ba9e303e0b5e94cdd0017390d7d8c06f47fd61f7\\zstd-jni-1.5.6-4.jar;C:\\Users\\kangdow\\.gradle\\caches\\modules-2\\files-2.1\\org.lz4\\lz4-java\\1.8.0\\4b986a99445e49ea5fbf5d149c4b63f6ed6c6780\\lz4-java-1.8.0.jar;C:\\Users\\kangdow\\.gradle\\caches\\modules-2\\files-2.1\\org.xerial.snappy\\snappy-java\\1.1.10.5\\ac605269f3598506196e469f1fb0d7ed5c55059e\\snappy-java-1.1.10.5.jar;C:\\Users\\kangdow\\.gradle\\caches\\modules-2\\files-2.1\\org.hdrhistogram\\HdrHistogram\\2.2.2\\7959933ebcc0f05b2eaa5af0a0c8689fa257b15c\\HdrHistogram-2.2.2.jar;C:\\Users\\kangdow\\.gradle\\caches\\modules-2\\files-2.1\\org.latencyutils\\LatencyUtils\\2.0.3\\769c0b82cb2421c8256300e907298a9410a2a3d3\\LatencyUtils-2.0.3.jar;C:\\Users\\kangdow\\.gradle\\caches\\modules-2\\files-2.1\\io.prometheus\\prometheus-metrics-exposition-textformats\\1.3.5\\c23b4fadcc2bb27a32a48f81fb8ac27b3f8cf192\\prometheus-metrics-exposition-textformats-1.3.5.jar;C:\\Users\\kangdow\\.gradle\\caches\\modules-2\\files-2.1\\io.prometheus\\prometheus-metrics-model\\1.3.5\\6a58b494b55eb3c0627cd00ac3957dc660fd4cf\\prometheus-metrics-model-1.3.5.jar;C:\\Users\\kangdow\\.gradle\\caches\\modules-2\\files-2.1\\io.prometheus\\prometheus-metrics-config\\1.3.5\\c25f5a3e02c8de54cf4c38b21147ca2994135af6\\prometheus-metrics-config-1.3.5.jar;C:\\Users\\kangdow\\.gradle\\caches\\modules-2\\files-2.1\\org.ow2.asm\\asm\\9.6\\aa205cf0a06dbd8e04ece91c0b37c3f5d567546a\\asm-9.6.jar;C:\\Users\\kangdow\\.gradle\\caches\\modules-2\\files-2.1\\org.opentest4j\\opentest4j\\1.3.0\\152ea56b3a72f655d4fd677fc0ef2596c3dd5e6e\\opentest4j-1.3.0.jar;C:\\Users\\kangdow\\.gradle\\caches\\modules-2\\files-2.1\\org.jetbrains\\annotations\\17.0.0\\8ceead41f4e71821919dbdb7a9847608f1a938cb\\annotations-17.0.0.jar;C:\\Users\\kangdow\\.gradle\\caches\\modules-2\\files-2.1\\com.github.docker-java\\docker-java-transport\\3.4.0\\c058705684d782effc4b2edfdef1a87544ba4af8\\docker-java-transport-3.4.0.jar;C:\\Users\\kangdow\\.gradle\\caches\\modules-2\\files-2.1\\net.java.dev.jna\\jna\\5.13.0\\1200e7ebeedbe0d10062093f32925a912020e747\\jna-5.13.0.jar;C:\\Users\\kangdow\\.gradle\\caches\\modules-2\\files-2.1\\ch.qos.logback\\logback-core\\1.5.12\\65b1fa25fe8d8e4bdc140e79eb67ac6741f775e2\\logback-core-1.5.12.jar;C:\\Users\\kangdow\\.gradle\\caches\\modules-2\\files-2.1\\org.apache.logging.log4j\\log4j-api\\2.24.3\\b02c125db8b6d295adf72ae6e71af5d83bce2370\\log4j-api-2.24.3.jar;C:\\Users\\kangdow\\.gradle\\caches\\modules-2\\files-2.1\\org.glassfish.jaxb\\txw2\\4.0.5\\f36a4ef12120a9bb06d766d6a0e54b144fd7ed98\\txw2-4.0.5.jar;C:\\Users\\kangdow\\.gradle\\caches\\modules-2\\files-2.1\\com.sun.istack\\istack-commons-runtime\\4.1.2\\18ec117c85f3ba0ac65409136afa8e42bc74e739\\istack-commons-runtime-4.1.2.jar;C:\\Users\\kangdow\\.gradle\\wrapper\\dists\\gradle-8.14.3-bin\\cv11ve7ro1n3o1j4so8xd9n66\\gradle-8.14.3\\lib\\plugins\\junit-platform-engine-1.8.2.jar;C:\\Users\\kangdow\\.gradle\\wrapper\\dists\\gradle-8.14.3-bin\\cv11ve7ro1n3o1j4so8xd9n66\\gradle-8.14.3\\lib\\plugins\\junit-platform-launcher-1.8.2.jar;C:\\Users\\kangdow\\.gradle\\wrapper\\dists\\gradle-8.14.3-bin\\cv11ve7ro1n3o1j4so8xd9n66\\gradle-8.14.3\\lib\\plugins\\junit-platform-commons-1.8.2.jar
Launcher Type: SUN_STANDARD

[Global flags]
     intx CICompilerCount                          = 4                                         {product} {ergonomic}
     uint ConcGCThreads                            = 3                                         {product} {ergonomic}
     bool EnableDynamicAgentLoading                = true                                      {product} {command line}
     uint G1ConcRefinementThreads                  = 10                                        {product} {ergonomic}
   size_t G1HeapRegionSize                         = 1048576                                   {product} {ergonomic}
    uintx GCDrainStackTargetSize                   = 64                                        {product} {ergonomic}
   size_t InitialHeapSize                          = 264241152                                 {product} {ergonomic}
   size_t MarkStackSize                            = 4194304                                   {product} {ergonomic}
   size_t MaxHeapSize                              = 536870912                                 {product} {command line}
   size_t MinHeapDeltaBytes                        = 1048576                                   {product} {ergonomic}
   size_t MinHeapSize                              = 8388608                                   {product} {ergonomic}
    uintx NonNMethodCodeHeapSize                   = 5839372                                {pd product} {ergonomic}
    uintx NonProfiledCodeHeapSize                  = 122909434                              {pd product} {ergonomic}
    uintx ProfiledCodeHeapSize                     = 122909434                              {pd product} {ergonomic}
    uintx ReservedCodeCacheSize                    = 251658240                              {pd product} {ergonomic}
     bool SegmentedCodeCache                       = true                                      {product} {ergonomic}
   size_t SoftMaxHeapSize                          = 536870912                              {manageable} {ergonomic}
     bool UseCompressedOops                        = true                           {product lp64_product} {ergonomic}
     bool UseG1GC                                  = true                                      {product} {ergonomic}
     bool UseLargePagesIndividualAllocation        = false                                  {pd product} {ergonomic}

Logging:
Log output configuration:
 #0: stdout all=warning uptime,level,tags foldmultilines=false
 #1: stderr all=off uptime,level,tags foldmultilines=false

Release file:
<release file has not been read>
Environment Variables:
JAVA_HOME=C:\Program Files\Eclipse Adoptium\jdk-21.0.10.7-hotspot\
PATH=C:\Users\kangdow\bin;C:\Program Files\Git\mingw64\bin;C:\Program Files\Git\usr\local\bin;C:\Program Files\Git\usr\bin;C:\Program Files\Git\usr\bin;C:\Program Files\Git\mingw64\bin;C:\Program Files\Git\usr\bin;C:\Users\kangdow\bin;C:\Users\kangdow\AppData\Local\Programs\Microsoft VS Code;C:\Program Files\Eclipse Adoptium\jdk-21.0.10.7-hotspot\bin;C:\WINDOWS\system32;C:\WINDOWS;C:\WINDOWS\System32\Wbem;C:\WINDOWS\System32\WindowsPowerShell\v1.0;C:\WINDOWS\System32\OpenSSH;C:\Program Files\dotnet;C:\Program Files\Git\cmd;C:\Program Files\Vagrant\bin;C:\Program Files (x86)\PuTTY;C:\Program Files\nodejs;C:\Users\kangdow\.local\bin;C:\Program Files\Docker\Docker\resources\bin;C:\Users\kangdow\AppData\Local\Microsoft\WindowsApps;C:\Users\kangdow\AppData\Local\Programs\Microsoft VS Code\bin;C:\Users\kangdow\AppData\Local\GitHubDesktop\bin;C:\Users\kangdow\AppData\Local\Programs\cursor\resources\app\bin;C:\Users\kangdow\AppData\Roaming\npm;C:\Program Files\Git\usr\bin\vendor_perl;C:\Program Files\Git\usr\bin\core_perl
USERNAME=kangdow
SHELL=C:\Program Files\Git\usr\bin\bash.exe
TERM=xterm-256color
OS=Windows_NT
PROCESSOR_IDENTIFIER=Intel64 Family 6 Model 186 Stepping 3, GenuineIntel
TMP=C:\Users\kangdow\AppData\Local\Temp
TEMP=C:\Users\kangdow\AppData\Local\Temp




Periodic native trim disabled

---------------  S Y S T E M  ---------------

OS:
 Windows 11 , 64 bit Build 26100 (10.0.26100.7920)
OS uptime: 2 days 0:31 hours
Hyper-V role detected

CPU: total 12 (initial active 12) (6 cores per cpu, 2 threads per core) family 6 model 186 stepping 3 microcode 0x411f, cx8, cmov, fxsr, ht, mmx, 3dnowpref, sse, sse2, sse3, ssse3, sse4.1, sse4.2, popcnt, lzcnt, tsc, tscinvbit, avx, avx2, aes, erms, clmul, bmi1, bmi2, adx, sha, fma, vzeroupper, clflush, clflushopt, clwb, hv, serialize, rdtscp, rdpid, fsrm, f16c, cet_ibt, cet_ss
Processor Information for processor 0
  Max Mhz: 1300, Current Mhz: 1300, Mhz Limit: 1300
Processor Information for processor 1
  Max Mhz: 1300, Current Mhz: 1300, Mhz Limit: 1300
Processor Information for processor 2
  Max Mhz: 1300, Current Mhz: 1300, Mhz Limit: 1300
Processor Information for processor 3
  Max Mhz: 1300, Current Mhz: 1300, Mhz Limit: 1300
Processor Information for processor 4
  Max Mhz: 1300, Current Mhz: 900, Mhz Limit: 897
Processor Information for processor 5
  Max Mhz: 1300, Current Mhz: 900, Mhz Limit: 897
Processor Information for processor 6
  Max Mhz: 1300, Current Mhz: 900, Mhz Limit: 897
Processor Information for processor 7
  Max Mhz: 1300, Current Mhz: 900, Mhz Limit: 897
Processor Information for processor 8
  Max Mhz: 1300, Current Mhz: 900, Mhz Limit: 897
Processor Information for processor 9
  Max Mhz: 1300, Current Mhz: 900, Mhz Limit: 897
Processor Information for processor 10
  Max Mhz: 1300, Current Mhz: 900, Mhz Limit: 897
Processor Information for processor 11
  Max Mhz: 1300, Current Mhz: 900, Mhz Limit: 897

Memory: 4k page, system-wide physical 16067M (763M free)
TotalPageFile size 46480M (AvailPageFile size 93M)
current process WorkingSet (physical memory assigned to process): 12M, peak: 12M
current process commit charge ("private bytes"): 64M, peak: 316M

vm_info: OpenJDK 64-Bit Server VM (21.0.10+7-LTS) for windows-amd64 JRE (21.0.10+7-LTS), built on 2026-01-20T00:00:00Z by "admin" with MS VC++ 17.12 (VS2022)

END.
